[2023-06-26 23:52:58] [WARN] - OU Klassengruppen bereits vorhanden
[2023-06-26 23:52:58] [WARN] - Klassengruppe INF18A bereits vorhanden
[2023-06-26 23:52:58] [WARN] - Klassengruppe PKB17A bereits vorhanden
[2023-06-26 23:52:58] [WARN] - Klassengruppe INF17S bereits vorhanden
[2023-06-26 23:52:58] [WARN] - Klassengruppe DRO18A bereits vorhanden
[2023-06-26 23:52:58] [WARN] - Klassengruppe INF17S bereits vorhanden
[2023-06-26 23:52:58] [WARN] - Klassengruppe PKB17A bereits vorhanden
[2023-06-26 23:52:58] [WARN] - Klassengruppe PKB18A bereits vorhanden
[2023-06-26 23:52:58] [WARN] - Klassengruppe INF17S bereits vorhanden
[2023-06-26 23:52:58] [WARN] - Klassengruppe REF18A bereits vorhanden
[2023-06-26 23:52:58] [WARN] - Klassengruppe PKB17A bereits vorhanden
[2023-06-26 23:52:58] [WARN] - Klassengruppe PKB17A bereits vorhanden
[2023-06-26 23:52:58] [WARN] - Klassengruppe INF17A bereits vorhanden
[2023-06-26 23:52:58] [WARN] - Klassengruppe INF17A bereits vorhanden
[2023-06-26 23:52:58] [WARN] - Klassengruppe PKB18A bereits vorhanden
[2023-06-26 23:52:58] [WARN] - Klassengruppe PKB18A bereits vorhanden
[2023-06-26 23:52:59] [WARN] - Klassengruppe INF18B bereits vorhanden
[2023-06-26 23:52:59] [WARN] - Klassengruppe BM1_TE18B bereits vorhanden
[2023-06-26 23:52:59] [WARN] - Klassengruppe SPE bereits vorhanden
[2023-06-26 23:52:59] [WARN] - Klassengruppe INF18A bereits vorhanden
[2023-06-26 23:52:59] [WARN] - Klassengruppe VWB17B bereits vorhanden
[2023-06-26 23:52:59] [WARN] - Klassengruppe VWB18C bereits vorhanden
[2023-06-26 23:52:59] [WARN] - Klassengruppe AUA17A bereits vorhanden
[2023-06-26 23:52:59] [WARN] - Klassengruppe VWB18A bereits vorhanden
[2023-06-26 23:52:59] [WARN] - Klassengruppe AUF17A bereits vorhanden
[2023-06-26 23:52:59] [WARN] - Klassengruppe VWB18A bereits vorhanden
[2023-06-26 23:52:59] [WARN] - Klassengruppe VWB18A bereits vorhanden
[2023-06-26 23:52:59] [WARN] - Klassengruppe REF17A bereits vorhanden
[2023-06-26 23:52:59] [WARN] - Klassengruppe AUA17A bereits vorhanden
[2023-06-26 23:52:59] [WARN] - Klassengruppe Ex bereits vorhanden
[2023-06-26 23:52:59] [WARN] - Klassengruppe BM2_TE18A bereits vorhanden
[2023-06-26 23:52:59] [WARN] - Klassengruppe VWB18B bereits vorhanden
[2023-06-26 23:52:59] [WARN] - Klassengruppe VWB17C bereits vorhanden
[2023-06-26 23:52:59] [WARN] - Klassengruppe VWB17B bereits vorhanden
[2023-06-26 23:52:59] [WARN] - Klassengruppe VWB17C bereits vorhanden
[2023-06-26 23:52:59] [WARN] - Klassengruppe VWB18A bereits vorhanden
[2023-06-26 23:52:59] [WARN] - Klassengruppe VWB17C bereits vorhanden
[2023-06-26 23:52:59] [WARN] - Klassengruppe VWB17C bereits vorhanden
[2023-06-26 23:52:59] [WARN] - Klassengruppe BM2_TE18B bereits vorhanden
[2023-06-26 23:52:59] [WARN] - Klassengruppe VWB17A bereits vorhanden
[2023-06-26 23:52:59] [WARN] - Klassengruppe BM2_TE18A bereits vorhanden
[2023-06-26 23:52:59] [WARN] - Klassengruppe VWB18C bereits vorhanden
[2023-06-26 23:52:59] [WARN] - Klassengruppe AUA17A bereits vorhanden
[2023-06-26 23:52:59] [WARN] - Klassengruppe AUA17A bereits vorhanden
[2023-06-26 23:52:59] [WARN] - Klassengruppe VWB18B bereits vorhanden
[2023-06-26 23:52:59] [WARN] - Klassengruppe VWB17C bereits vorhanden
[2023-06-26 23:52:59] [WARN] - Klassengruppe VWB18C bereits vorhanden
[2023-06-26 23:52:59] [WARN] - Klassengruppe VWB17A bereits vorhanden
[2023-06-26 23:53:00] [WARN] - Klassengruppe KUA17A bereits vorhanden
[2023-06-26 23:53:00] [WARN] - Klassengruppe KUA17A bereits vorhanden
[2023-06-26 23:53:00] [WARN] - Klassengruppe VWB18A bereits vorhanden
[2023-06-26 23:53:00] [WARN] - Klassengruppe KUA17A bereits vorhanden
[2023-06-26 23:53:00] [WARN] - Klassengruppe VWB18B bereits vorhanden
[2023-06-26 23:53:00] [WARN] - Klassengruppe REF18A bereits vorhanden
[2023-06-26 23:53:00] [WARN] - Klassengruppe VWB17B bereits vorhanden
[2023-06-26 23:53:00] [WARN] - Klassengruppe PRM18A bereits vorhanden
[2023-06-26 23:53:00] [WARN] - Klassengruppe BM2_TE18B bereits vorhanden
[2023-06-26 23:53:00] [WARN] - Klassengruppe VWB18C bereits vorhanden
[2023-06-26 23:53:00] [WARN] - Klassengruppe VWB18A bereits vorhanden
[2023-06-26 23:53:00] [WARN] - Klassengruppe Ex bereits vorhanden
[2023-06-26 23:53:00] [WARN] - Klassengruppe Ex bereits vorhanden
[2023-06-26 23:53:00] [WARN] - Klassengruppe  bereits vorhanden
[2023-06-26 23:53:00] [WARN] - Klassengruppe VWB18A bereits vorhanden
[2023-06-26 23:53:00] [WARN] - Klassengruppe BM2_TE18A bereits vorhanden
[2023-06-26 23:53:00] [WARN] - Klassengruppe INVOL18B bereits vorhanden
[2023-06-26 23:53:00] [WARN] - Klassengruppe VWB18B bereits vorhanden
[2023-06-26 23:53:00] [WARN] - Klassengruppe BM2_TE18B bereits vorhanden
[2023-06-26 23:53:00] [WARN] - Klassengruppe INF17S bereits vorhanden
[2023-06-26 23:53:00] [WARN] - Klassengruppe BM2_TE18B bereits vorhanden
[2023-06-26 23:53:00] [WARN] - Klassengruppe MPR17A bereits vorhanden
[2023-06-26 23:53:00] [WARN] - Klassengruppe KOE18A bereits vorhanden
[2023-06-26 23:53:00] [WARN] - Klassengruppe PRM18A bereits vorhanden
[2023-06-26 23:53:00] [WARN] - Klassengruppe BM1_TE16A bereits vorhanden
[2023-06-26 23:53:00] [WARN] - Klassengruppe BM2_TE18A bereits vorhanden
[2023-06-26 23:53:00] [WARN] - Klassengruppe BM1_TE16A bereits vorhanden
[2023-06-26 23:53:00] [WARN] - Klassengruppe BM1_TE15B bereits vorhanden
[2023-06-26 23:53:00] [WARN] - Klassengruppe BM2_TE18B bereits vorhanden
[2023-06-26 23:53:00] [WARN] - Klassengruppe BM1_TE15B bereits vorhanden
[2023-06-26 23:53:00] [WARN] - Klassengruppe BM1_TE15B bereits vorhanden
[2023-06-26 23:53:00] [WARN] - Klassengruppe BM1_TE15B bereits vorhanden
[2023-06-26 23:53:00] [WARN] - Klassengruppe VWB18B bereits vorhanden
[2023-06-26 23:53:01] [WARN] - Klassengruppe BM2_TE18B bereits vorhanden
[2023-06-26 23:53:01] [WARN] - Klassengruppe VWB17B bereits vorhanden
[2023-06-26 23:53:01] [WARN] - Klassengruppe BM2_TE18A bereits vorhanden
[2023-06-26 23:53:01] [WARN] - Klassengruppe BM1_TE15B bereits vorhanden
[2023-06-26 23:53:01] [WARN] - Klassengruppe BM1_TE15A bereits vorhanden
[2023-06-26 23:53:01] [WARN] - Klassengruppe BM1_TE16B bereits vorhanden
[2023-06-26 23:53:01] [WARN] - Klassengruppe BM1_TE15B bereits vorhanden
[2023-06-26 23:53:01] [WARN] - Klassengruppe BM1_TE16B bereits vorhanden
[2023-06-26 23:53:01] [WARN] - Klassengruppe BM1_TE16A bereits vorhanden
[2023-06-26 23:53:01] [WARN] - Klassengruppe BM1_TE15A bereits vorhanden
[2023-06-26 23:53:01] [WARN] - Klassengruppe BM1_TE15A bereits vorhanden
[2023-06-26 23:53:01] [WARN] - Klassengruppe BM1_TE15A BM1_TE15A bereits vorhanden
[2023-06-26 23:53:01] [WARN] - Klassengruppe BM1_TE15A bereits vorhanden
[2023-06-26 23:53:01] [WARN] - Klassengruppe BM1_TE16B bereits vorhanden
[2023-06-26 23:53:01] [WARN] - Klassengruppe NPR17A bereits vorhanden
[2023-06-26 23:53:01] [WARN] - Klassengruppe PKB15A bereits vorhanden
[2023-06-26 23:53:01] [WARN] - Klassengruppe WTG16A bereits vorhanden
[2023-06-26 23:53:01] [WARN] - Klassengruppe REF16A bereits vorhanden
[2023-06-26 23:53:01] [WARN] - Klassengruppe KOE18A bereits vorhanden
[2023-06-26 23:53:01] [WARN] - Klassengruppe PMG15B bereits vorhanden
[2023-06-26 23:53:01] [WARN] - Klassengruppe PKE15A bereits vorhanden
[2023-06-26 23:53:01] [WARN] - Klassengruppe BM2_TE18A bereits vorhanden
[2023-06-26 23:53:01] [WARN] - Klassengruppe DRO16A bereits vorhanden
[2023-06-26 23:53:01] [WARN] - Klassengruppe INF15A bereits vorhanden
[2023-06-26 23:53:01] [WARN] - Klassengruppe AUM16A bereits vorhanden
[2023-06-26 23:53:01] [WARN] - Klassengruppe PKE15A bereits vorhanden
[2023-06-26 23:53:01] [WARN] - Klassengruppe BM2_TE18A bereits vorhanden
[2023-06-26 23:53:01] [WARN] - Klassengruppe PRM16C bereits vorhanden
[2023-06-26 23:53:01] [WARN] - Klassengruppe KOE18A bereits vorhanden
[2023-06-26 23:53:01] [WARN] - Klassengruppe PKE15A bereits vorhanden
[2023-06-26 23:53:01] [WARN] - Klassengruppe INF16B bereits vorhanden
[2023-06-26 23:53:01] [WARN] - Klassengruppe PRM16A bereits vorhanden
[2023-06-26 23:53:02] [WARN] - Klassengruppe AUM15A bereits vorhanden
[2023-06-26 23:53:02] [WARN] - Klassengruppe AUF16B bereits vorhanden
[2023-06-26 23:53:02] [WARN] - Klassengruppe ELT15A bereits vorhanden
[2023-06-26 23:53:02] [WARN] - Klassengruppe PRM16B bereits vorhanden
[2023-06-26 23:53:02] [WARN] - Klassengruppe INF16A bereits vorhanden
[2023-06-26 23:53:02] [WARN] - Klassengruppe KOE16B bereits vorhanden
[2023-06-26 23:53:02] [WARN] - Klassengruppe PMG15A bereits vorhanden
[2023-06-26 23:53:02] [WARN] - Klassengruppe PMG15A bereits vorhanden
[2023-06-26 23:53:02] [WARN] - Klassengruppe PKE16A bereits vorhanden
[2023-06-26 23:53:02] [WARN] - Klassengruppe AUM16A bereits vorhanden
[2023-06-26 23:53:02] [WARN] - Klassengruppe AUF16A bereits vorhanden
[2023-06-26 23:53:02] [WARN] - Klassengruppe INF16A bereits vorhanden
[2023-06-26 23:53:02] [WARN] - Klassengruppe IJBV18A bereits vorhanden
[2023-06-26 23:53:02] [WARN] - Klassengruppe INF15A bereits vorhanden
[2023-06-26 23:53:02] [WARN] - Klassengruppe PKB16A bereits vorhanden
[2023-06-26 23:53:02] [WARN] - Klassengruppe PMG15B bereits vorhanden
[2023-06-26 23:53:02] [WARN] - Klassengruppe PRM16B bereits vorhanden
[2023-06-26 23:53:02] [WARN] - Klassengruppe PME16A bereits vorhanden
[2023-06-26 23:53:02] [WARN] - Klassengruppe KOE18B bereits vorhanden
[2023-06-26 23:53:02] [WARN] - Klassengruppe PMG16B bereits vorhanden
[2023-06-26 23:53:02] [WARN] - Klassengruppe PRM16A bereits vorhanden
[2023-06-26 23:53:02] [WARN] - Klassengruppe PKE16A bereits vorhanden
[2023-06-26 23:53:02] [WARN] - Klassengruppe KOE16C bereits vorhanden
[2023-06-26 23:53:03] [WARN] - Klassengruppe AUF17A bereits vorhanden
[2023-06-26 23:53:03] [WARN] - Klassengruppe INF15S bereits vorhanden
[2023-06-26 23:53:03] [WARN] - Klassengruppe INF15A bereits vorhanden
[2023-06-26 23:53:03] [WARN] - Klassengruppe PMG15B bereits vorhanden
[2023-06-26 23:53:03] [WARN] - Klassengruppe INF15A bereits vorhanden
[2023-06-26 23:53:03] [WARN] - Klassengruppe DRO16A bereits vorhanden
[2023-06-26 23:53:03] [WARN] - Klassengruppe PMG16A bereits vorhanden
[2023-06-26 23:53:03] [WARN] - Klassengruppe KOE16C bereits vorhanden
[2023-06-26 23:53:03] [WARN] - Klassengruppe KOE16B bereits vorhanden
[2023-06-26 23:53:03] [WARN] - Klassengruppe BM1_TE16A bereits vorhanden
[2023-06-26 23:53:03] [WARN] - Klassengruppe Ex bereits vorhanden
[2023-06-26 23:53:03] [WARN] - Klassengruppe BM2_TE18A bereits vorhanden
[2023-06-26 23:53:03] [WARN] - Klassengruppe WTG16A bereits vorhanden
[2023-06-26 23:53:03] [WARN] - Klassengruppe REF16A bereits vorhanden
[2023-06-26 23:53:03] [WARN] - Klassengruppe AUF16A bereits vorhanden
[2023-06-26 23:53:03] [WARN] - Klassengruppe PME16A bereits vorhanden
[2023-06-26 23:53:03] [WARN] - Klassengruppe KOE16A bereits vorhanden
[2023-06-26 23:53:03] [WARN] - Klassengruppe REF16A bereits vorhanden
[2023-06-26 23:53:03] [WARN] - Klassengruppe PKB16A bereits vorhanden
[2023-06-26 23:53:03] [WARN] - Klassengruppe PRM16C bereits vorhanden
[2023-06-26 23:53:03] [WARN] - Klassengruppe DRO15A bereits vorhanden
[2023-06-26 23:53:04] [WARN] - Klassengruppe PME16A bereits vorhanden
[2023-06-26 23:53:04] [WARN] - Klassengruppe PMG15A bereits vorhanden
[2023-06-26 23:53:04] [WARN] - Klassengruppe INF15A bereits vorhanden
[2023-06-26 23:53:04] [WARN] - Klassengruppe INF15S bereits vorhanden
[2023-06-26 23:53:04] [WARN] - Klassengruppe KOE16C bereits vorhanden
[2023-06-26 23:53:04] [WARN] - Klassengruppe BM2_TE18A bereits vorhanden
[2023-06-26 23:53:04] [WARN] - Klassengruppe AUM15A bereits vorhanden
[2023-06-26 23:53:04] [WARN] - Klassengruppe PKB15A bereits vorhanden
[2023-06-26 23:53:04] [WARN] - Klassengruppe PKE16A bereits vorhanden
[2023-06-26 23:53:04] [WARN] - Klassengruppe INF16A bereits vorhanden
[2023-06-26 23:53:04] [WARN] - Klassengruppe BM2_TE18A bereits vorhanden
[2023-06-26 23:53:04] [WARN] - Klassengruppe PRM16A bereits vorhanden
[2023-06-26 23:53:04] [WARN] - Klassengruppe INF16S bereits vorhanden
[2023-06-26 23:53:04] [WARN] - Klassengruppe KOE16A bereits vorhanden
[2023-06-26 23:53:04] [WARN] - Klassengruppe WTG16A bereits vorhanden
[2023-06-26 23:53:04] [WARN] - Klassengruppe PMG15A bereits vorhanden
[2023-06-26 23:53:04] [WARN] - Klassengruppe PMG15B bereits vorhanden
[2023-06-26 23:53:04] [WARN] - Klassengruppe PMG15B bereits vorhanden
[2023-06-26 23:53:04] [WARN] - Klassengruppe AUM15A bereits vorhanden
[2023-06-26 23:53:04] [WARN] - Klassengruppe REF16A bereits vorhanden
[2023-06-26 23:53:04] [WARN] - Klassengruppe PMG15B bereits vorhanden
[2023-06-26 23:53:05] [WARN] - Klassengruppe BM2_TE18A bereits vorhanden
[2023-06-26 23:53:05] [WARN] - Klassengruppe REF16B bereits vorhanden
[2023-06-26 23:53:05] [WARN] - Klassengruppe AUF16A bereits vorhanden
[2023-06-26 23:53:05] [WARN] - Klassengruppe PKE15A bereits vorhanden
[2023-06-26 23:53:05] [WARN] - Klassengruppe AUF16A bereits vorhanden
[2023-06-26 23:53:05] [WARN] - Klassengruppe PRM16A bereits vorhanden
[2023-06-26 23:53:05] [WARN] - Klassengruppe PRM16C bereits vorhanden
[2023-06-26 23:53:05] [WARN] - Klassengruppe PMG16B bereits vorhanden
[2023-06-26 23:53:05] [WARN] - Klassengruppe INF16S bereits vorhanden
[2023-06-26 23:53:05] [WARN] - Klassengruppe INF15A bereits vorhanden
[2023-06-26 23:53:05] [WARN] - Klassengruppe PKE16A bereits vorhanden
[2023-06-26 23:53:05] [WARN] - Klassengruppe KOE16A bereits vorhanden
[2023-06-26 23:53:05] [WARN] - Klassengruppe REF16A bereits vorhanden
[2023-06-26 23:53:05] [WARN] - Klassengruppe INVOL18B bereits vorhanden
[2023-06-26 23:53:05] [WARN] - Klassengruppe ELT15A bereits vorhanden
[2023-06-26 23:53:05] [WARN] - Klassengruppe PKE15A bereits vorhanden
[2023-06-26 23:53:05] [WARN] - Klassengruppe PKE15A bereits vorhanden
[2023-06-26 23:53:05] [WARN] - Klassengruppe INF15A bereits vorhanden
[2023-06-26 23:53:05] [WARN] - Klassengruppe AUF16A bereits vorhanden
[2023-06-26 23:53:05] [WARN] - Klassengruppe PKE16A bereits vorhanden
[2023-06-26 23:53:05] [WARN] - Klassengruppe REF16A bereits vorhanden
[2023-06-26 23:53:05] [WARN] - Klassengruppe AUF17A bereits vorhanden
[2023-06-26 23:53:05] [WARN] - Klassengruppe PKE15A bereits vorhanden
[2023-06-26 23:53:06] [WARN] - Klassengruppe REF16B bereits vorhanden
[2023-06-26 23:53:06] [WARN] - Klassengruppe BM2_TE18B bereits vorhanden
[2023-06-26 23:53:06] [WARN] - Klassengruppe AUM16A bereits vorhanden
[2023-06-26 23:53:06] [WARN] - Klassengruppe PKB15A bereits vorhanden
[2023-06-26 23:53:06] [WARN] - Klassengruppe PMG15A bereits vorhanden
[2023-06-26 23:53:06] [WARN] - Klassengruppe PME16A bereits vorhanden
[2023-06-26 23:53:06] [WARN] - Klassengruppe PME16A bereits vorhanden
[2023-06-26 23:53:06] [WARN] - Klassengruppe AUF17A bereits vorhanden
[2023-06-26 23:53:06] [WARN] - Klassengruppe INF15S bereits vorhanden
[2023-06-26 23:53:06] [WARN] - Klassengruppe ELT15A bereits vorhanden
[2023-06-26 23:53:06] [WARN] - Klassengruppe KOE16A bereits vorhanden
[2023-06-26 23:53:07] [WARN] - Klassengruppe Ex bereits vorhanden
[2023-06-26 23:53:07] [WARN] - Klassengruppe INF16S bereits vorhanden
[2023-06-26 23:53:07] [WARN] - Klassengruppe AUF16B bereits vorhanden
[2023-06-26 23:53:07] [WARN] - Klassengruppe KOE16A bereits vorhanden
[2023-06-26 23:53:07] [WARN] - Klassengruppe AUM16A bereits vorhanden
[2023-06-26 23:53:07] [WARN] - Klassengruppe INF16A bereits vorhanden
[2023-06-26 23:53:07] [WARN] - Klassengruppe KOE16A bereits vorhanden
[2023-06-26 23:53:07] [WARN] - Klassengruppe PKE15A bereits vorhanden
[2023-06-26 23:53:07] [WARN] - Klassengruppe PKE15A bereits vorhanden
[2023-06-26 23:53:08] [WARN] - Klassengruppe PRM16A bereits vorhanden
[2023-06-26 23:53:08] [WARN] - Klassengruppe PMG16A bereits vorhanden
[2023-06-26 23:53:08] [WARN] - Klassengruppe PMG15A bereits vorhanden
[2023-06-26 23:53:08] [WARN] - Klassengruppe KOE16C bereits vorhanden
[2023-06-26 23:53:08] [WARN] - Klassengruppe INF16A bereits vorhanden
[2023-06-26 23:53:09] [WARN] - Klassengruppe PMG16A bereits vorhanden
[2023-06-26 23:53:09] [WARN] - Klassengruppe ELT15A bereits vorhanden
[2023-06-26 23:53:09] [WARN] - Klassengruppe KOE16B bereits vorhanden
[2023-06-26 23:53:10] [WARN] - Klassengruppe DRO16A bereits vorhanden
[2023-06-26 23:53:10] [WARN] - Klassengruppe PKE16A bereits vorhanden
[2023-06-26 23:53:10] [WARN] - Klassengruppe PKB15A bereits vorhanden
[2023-06-26 23:53:11] [WARN] - Klassengruppe INF15A bereits vorhanden
[2023-06-26 23:53:11] [WARN] - Klassengruppe PMG15A bereits vorhanden
[2023-06-26 23:53:11] [WARN] - Klassengruppe PMG16B bereits vorhanden
[2023-06-26 23:53:11] [WARN] - Klassengruppe PMG15A bereits vorhanden
[2023-06-26 23:53:11] [WARN] - Klassengruppe PRM16B bereits vorhanden
[2023-06-26 23:53:11] [WARN] - Klassengruppe PRM16C bereits vorhanden
[2023-06-26 23:53:11] [WARN] - Klassengruppe PMG15A bereits vorhanden
[2023-06-26 23:53:11] [WARN] - Klassengruppe WTG16A bereits vorhanden
[2023-06-26 23:53:11] [WARN] - Klassengruppe KOE16A bereits vorhanden
[2023-06-26 23:53:11] [WARN] - Klassengruppe AUM15A bereits vorhanden
[2023-06-26 23:53:11] [WARN] - Klassengruppe DRO16A bereits vorhanden
[2023-06-26 23:53:12] [WARN] - Klassengruppe PRM16A bereits vorhanden
[2023-06-26 23:53:12] [WARN] - Klassengruppe REF16B bereits vorhanden
[2023-06-26 23:53:12] [WARN] - Klassengruppe PRM17B bereits vorhanden
[2023-06-26 23:53:12] [WARN] - Klassengruppe PMG16A bereits vorhanden
[2023-06-26 23:53:12] [WARN] - Klassengruppe AUF16B bereits vorhanden
[2023-06-26 23:53:12] [WARN] - Klassengruppe KOE17A bereits vorhanden
[2023-06-26 23:53:12] [WARN] - Klassengruppe INF16S bereits vorhanden
[2023-06-26 23:53:12] [WARN] - Klassengruppe PRM16A bereits vorhanden
[2023-06-26 23:53:12] [WARN] - Klassengruppe PKE16A bereits vorhanden
[2023-06-26 23:53:12] [WARN] - Klassengruppe BM2_TE18B bereits vorhanden
[2023-06-26 23:53:12] [WARN] - Klassengruppe PME16A bereits vorhanden
[2023-06-26 23:53:13] [WARN] - Klassengruppe REF16A bereits vorhanden
[2023-06-26 23:53:13] [WARN] - Klassengruppe PKB15A bereits vorhanden
[2023-06-26 23:53:13] [WARN] - Klassengruppe WTG16A bereits vorhanden
[2023-06-26 23:53:13] [WARN] - Klassengruppe IJBV18C bereits vorhanden
[2023-06-26 23:53:13] [WARN] - Klassengruppe KUA17A bereits vorhanden
[2023-06-26 23:53:14] [WARN] - Klassengruppe KOE16C bereits vorhanden
[2023-06-26 23:53:14] [WARN] - Klassengruppe AUF16A bereits vorhanden
[2023-06-26 23:53:14] [WARN] - Klassengruppe AUF16B bereits vorhanden
[2023-06-26 23:53:14] [WARN] - Klassengruppe AUM16A bereits vorhanden
[2023-06-26 23:53:15] [WARN] - Klassengruppe INF16S bereits vorhanden
[2023-06-26 23:53:15] [WARN] - Klassengruppe PRM16A bereits vorhanden
[2023-06-26 23:53:15] [WARN] - Klassengruppe INF16S bereits vorhanden
[2023-06-26 23:53:16] [WARN] - Klassengruppe AUF16B bereits vorhanden
[2023-06-26 23:53:16] [WARN] - Klassengruppe DRO15A bereits vorhanden
[2023-06-26 23:53:16] [WARN] - Klassengruppe PMG16A bereits vorhanden
[2023-06-26 23:53:16] [WARN] - Klassengruppe PKE16A bereits vorhanden
[2023-06-26 23:53:16] [WARN] - Klassengruppe WTG16A bereits vorhanden
[2023-06-26 23:53:16] [WARN] - Klassengruppe PRM16A bereits vorhanden
[2023-06-26 23:53:16] [WARN] - Klassengruppe PME16A bereits vorhanden
[2023-06-26 23:53:17] [WARN] - Klassengruppe INF16S bereits vorhanden
[2023-06-26 23:53:17] [WARN] - Klassengruppe KUA18A bereits vorhanden
[2023-06-26 23:53:17] [WARN] - Klassengruppe INF16A bereits vorhanden
[2023-06-26 23:53:17] [WARN] - Klassengruppe PRM16A bereits vorhanden
[2023-06-26 23:53:17] [WARN] - Klassengruppe PKE15A bereits vorhanden
[2023-06-26 23:53:17] [WARN] - Klassengruppe AUM15A bereits vorhanden
[2023-06-26 23:53:17] [WARN] - Klassengruppe AUF16A bereits vorhanden
[2023-06-26 23:53:17] [WARN] - Klassengruppe PMG16A bereits vorhanden
[2023-06-26 23:53:17] [WARN] - Klassengruppe PRM16B bereits vorhanden
[2023-06-26 23:53:17] [WARN] - Klassengruppe DRO16A bereits vorhanden
[2023-06-26 23:53:17] [WARN] - Klassengruppe INF15S bereits vorhanden
[2023-06-26 23:53:17] [WARN] - Klassengruppe PMG15B bereits vorhanden
[2023-06-26 23:53:17] [WARN] - Klassengruppe PRM16C bereits vorhanden
[2023-06-26 23:53:18] [WARN] - Klassengruppe KOE16B bereits vorhanden
[2023-06-26 23:53:18] [WARN] - Klassengruppe PKE15A bereits vorhanden
[2023-06-26 23:53:18] [WARN] - Klassengruppe KOE16B bereits vorhanden
[2023-06-26 23:53:18] [WARN] - Klassengruppe PMG16A bereits vorhanden
[2023-06-26 23:53:18] [WARN] - Klassengruppe REF16A bereits vorhanden
[2023-06-26 23:53:18] [WARN] - Klassengruppe PME16A bereits vorhanden
[2023-06-26 23:53:18] [WARN] - Klassengruppe AUM16A bereits vorhanden
[2023-06-26 23:53:18] [WARN] - Klassengruppe PMG16A bereits vorhanden
[2023-06-26 23:53:18] [WARN] - Klassengruppe DRO15A bereits vorhanden
[2023-06-26 23:53:18] [WARN] - Klassengruppe DRO16A bereits vorhanden
[2023-06-26 23:53:18] [WARN] - Klassengruppe REF16A bereits vorhanden
[2023-06-26 23:53:18] [WARN] - Klassengruppe PRM16B bereits vorhanden
[2023-06-26 23:53:19] [WARN] - Klassengruppe PMG16A bereits vorhanden
[2023-06-26 23:53:19] [WARN] - Klassengruppe PMG15B bereits vorhanden
[2023-06-26 23:53:19] [WARN] - Klassengruppe REF18A bereits vorhanden
[2023-06-26 23:53:19] [WARN] - Klassengruppe PMG16A bereits vorhanden
[2023-06-26 23:53:19] [WARN] - Klassengruppe KOE16B bereits vorhanden
[2023-06-26 23:53:19] [WARN] - Klassengruppe REF16A bereits vorhanden
[2023-06-26 23:53:19] [WARN] - Klassengruppe KOE16B bereits vorhanden
[2023-06-26 23:53:20] [WARN] - Klassengruppe AUM16A bereits vorhanden
[2023-06-26 23:53:20] [WARN] - Klassengruppe AUM16A bereits vorhanden
[2023-06-26 23:53:20] [WARN] - Klassengruppe WTG16A bereits vorhanden
[2023-06-26 23:53:20] [WARN] - Klassengruppe AUF16A bereits vorhanden
[2023-06-26 23:53:20] [WARN] - Klassengruppe AUF16B bereits vorhanden
[2023-06-26 23:53:20] [WARN] - Klassengruppe KOE16C bereits vorhanden
[2023-06-26 23:53:20] [WARN] - Klassengruppe REF16A bereits vorhanden
[2023-06-26 23:53:20] [WARN] - Klassengruppe REF16A bereits vorhanden
[2023-06-26 23:53:20] [WARN] - Klassengruppe INF15A bereits vorhanden
[2023-06-26 23:53:20] [WARN] - Klassengruppe INF15S bereits vorhanden
[2023-06-26 23:53:21] [WARN] - Klassengruppe REF16B bereits vorhanden
[2023-06-26 23:53:21] [WARN] - Klassengruppe REF16A bereits vorhanden
[2023-06-26 23:53:21] [WARN] - Klassengruppe PMG15A bereits vorhanden
[2023-06-26 23:53:21] [WARN] - Klassengruppe INF16S bereits vorhanden
[2023-06-26 23:53:21] [WARN] - Klassengruppe BM1_TE15B bereits vorhanden
[2023-06-26 23:53:21] [WARN] - Klassengruppe PKE15A bereits vorhanden
[2023-06-26 23:53:21] [WARN] - Klassengruppe BM2_TE18B bereits vorhanden
[2023-06-26 23:53:21] [WARN] - Klassengruppe INF16B bereits vorhanden
[2023-06-26 23:53:21] [WARN] - Klassengruppe PRM16A bereits vorhanden
[2023-06-26 23:53:21] [WARN] - Klassengruppe AUM16A bereits vorhanden
[2023-06-26 23:53:21] [WARN] - Klassengruppe PRM16C bereits vorhanden
[2023-06-26 23:53:21] [WARN] - Klassengruppe KOE16C bereits vorhanden
[2023-06-26 23:53:22] [WARN] - Klassengruppe DRO15A bereits vorhanden
[2023-06-26 23:53:22] [WARN] - Klassengruppe PKB15A bereits vorhanden
[2023-06-26 23:53:22] [WARN] - Klassengruppe KOE16C bereits vorhanden
[2023-06-26 23:53:22] [WARN] - Klassengruppe WTG16A bereits vorhanden
[2023-06-26 23:53:22] [WARN] - Klassengruppe INF16S bereits vorhanden
[2023-06-26 23:53:22] [WARN] - Klassengruppe WTG16A bereits vorhanden
[2023-06-26 23:53:22] [WARN] - Klassengruppe PMG16A bereits vorhanden
[2023-06-26 23:53:22] [WARN] - Klassengruppe KOE16C bereits vorhanden
[2023-06-26 23:53:22] [WARN] - Klassengruppe REF16B bereits vorhanden
[2023-06-26 23:53:22] [WARN] - Klassengruppe REF16B bereits vorhanden
[2023-06-26 23:53:22] [WARN] - Klassengruppe PMG15A bereits vorhanden
[2023-06-26 23:53:22] [WARN] - Klassengruppe KOE16B bereits vorhanden
[2023-06-26 23:53:23] [WARN] - Klassengruppe KOE17A bereits vorhanden
[2023-06-26 23:53:23] [WARN] - Klassengruppe PRM16A bereits vorhanden
[2023-06-26 23:53:23] [WARN] - Klassengruppe DRO15A bereits vorhanden
[2023-06-26 23:53:23] [WARN] - Klassengruppe DRO16A bereits vorhanden
[2023-06-26 23:53:23] [WARN] - Klassengruppe PRM16C bereits vorhanden
[2023-06-26 23:53:23] [WARN] - Klassengruppe DRO16A bereits vorhanden
[2023-06-26 23:53:23] [WARN] - Klassengruppe AUF16B bereits vorhanden
[2023-06-26 23:53:23] [WARN] - Klassengruppe PMG16A bereits vorhanden
[2023-06-26 23:53:23] [WARN] - Klassengruppe Ex bereits vorhanden
[2023-06-26 23:53:23] [WARN] - Klassengruppe PRM16B bereits vorhanden
[2023-06-26 23:53:23] [WARN] - Klassengruppe PKE15A bereits vorhanden
[2023-06-26 23:53:23] [WARN] - Klassengruppe AUF16B bereits vorhanden
[2023-06-26 23:53:23] [WARN] - Klassengruppe PMG15B bereits vorhanden
[2023-06-26 23:53:23] [WARN] - Klassengruppe INF15S bereits vorhanden
[2023-06-26 23:53:24] [WARN] - Klassengruppe AUM16A bereits vorhanden
[2023-06-26 23:53:24] [WARN] - Klassengruppe INF15S bereits vorhanden
[2023-06-26 23:53:24] [WARN] - Klassengruppe REF17A bereits vorhanden
[2023-06-26 23:53:24] [WARN] - Klassengruppe PMG15B bereits vorhanden
[2023-06-26 23:53:24] [WARN] - Klassengruppe IJBV18C bereits vorhanden
[2023-06-26 23:53:24] [WARN] - Klassengruppe PKB15A bereits vorhanden
[2023-06-26 23:53:24] [WARN] - Klassengruppe WTG16A bereits vorhanden
[2023-06-26 23:53:24] [WARN] - Klassengruppe AUM16A bereits vorhanden
[2023-06-26 23:53:24] [WARN] - Klassengruppe PKE15A bereits vorhanden
[2023-06-26 23:53:24] [WARN] - Klassengruppe KOE16C bereits vorhanden
[2023-06-26 23:53:24] [WARN] - Klassengruppe PMG16A bereits vorhanden
[2023-06-26 23:53:24] [WARN] - Klassengruppe PRM17B bereits vorhanden
[2023-06-26 23:53:25] [WARN] - Klassengruppe AUM16A bereits vorhanden
[2023-06-26 23:53:25] [WARN] - Klassengruppe KOE16B bereits vorhanden
[2023-06-26 23:53:25] [WARN] - Klassengruppe KOE17B bereits vorhanden
[2023-06-26 23:53:26] [WARN] - Klassengruppe KOE16C bereits vorhanden
[2023-06-26 23:53:26] [WARN] - Klassengruppe ELT15A bereits vorhanden
[2023-06-26 23:53:26] [WARN] - Klassengruppe PRM16B bereits vorhanden
[2023-06-26 23:53:26] [WARN] - Klassengruppe PRM16C bereits vorhanden
[2023-06-26 23:53:26] [WARN] - Klassengruppe AUM15A bereits vorhanden
[2023-06-26 23:53:26] [WARN] - Klassengruppe PMG16A bereits vorhanden
[2023-06-26 23:53:26] [WARN] - Klassengruppe AUM16A bereits vorhanden
[2023-06-26 23:53:26] [WARN] - Klassengruppe DRO15A bereits vorhanden
[2023-06-26 23:53:26] [WARN] - Klassengruppe PRM16B bereits vorhanden
[2023-06-26 23:53:26] [WARN] - Klassengruppe BM2_TE18B bereits vorhanden
[2023-06-26 23:53:26] [WARN] - Klassengruppe PMG16B bereits vorhanden
[2023-06-26 23:53:26] [WARN] - Klassengruppe AUF16B bereits vorhanden
[2023-06-26 23:53:27] [WARN] - Klassengruppe DRO15A bereits vorhanden
[2023-06-26 23:53:27] [WARN] - Klassengruppe DRO16A bereits vorhanden
[2023-06-26 23:53:27] [WARN] - Klassengruppe DRO16A bereits vorhanden
[2023-06-26 23:53:27] [WARN] - Klassengruppe INF15S bereits vorhanden
[2023-06-26 23:53:27] [WARN] - Klassengruppe PRM16C bereits vorhanden
[2023-06-26 23:53:27] [WARN] - Klassengruppe KOE16C bereits vorhanden
[2023-06-26 23:53:27] [WARN] - Klassengruppe REF16A bereits vorhanden
[2023-06-26 23:53:27] [WARN] - Klassengruppe AUF16A bereits vorhanden
[2023-06-26 23:53:27] [WARN] - Klassengruppe PKE15A bereits vorhanden
[2023-06-26 23:53:27] [WARN] - Klassengruppe PRM16C bereits vorhanden
[2023-06-26 23:53:27] [WARN] - Klassengruppe AUM16A bereits vorhanden
[2023-06-26 23:53:28] [WARN] - Klassengruppe REF16B bereits vorhanden
[2023-06-26 23:53:28] [WARN] - Klassengruppe Ex bereits vorhanden
[2023-06-26 23:53:28] [WARN] - Klassengruppe BM2_TE18A bereits vorhanden
[2023-06-26 23:53:28] [WARN] - Klassengruppe INF16A bereits vorhanden
[2023-06-26 23:53:28] [WARN] - Klassengruppe PMG15B bereits vorhanden
[2023-06-26 23:53:28] [WARN] - Klassengruppe WTG16A bereits vorhanden
[2023-06-26 23:53:28] [WARN] - Klassengruppe WTG16A bereits vorhanden
[2023-06-26 23:53:28] [WARN] - Klassengruppe BM2_TE18B bereits vorhanden
[2023-06-26 23:53:28] [WARN] - Klassengruppe INF15S bereits vorhanden
[2023-06-26 23:53:29] [WARN] - Klassengruppe REF16B bereits vorhanden
[2023-06-26 23:53:29] [WARN] - Klassengruppe BM2_TE18A bereits vorhanden
[2023-06-26 23:53:29] [WARN] - Klassengruppe PRM16C bereits vorhanden
[2023-06-26 23:53:29] [WARN] - Klassengruppe PME16A bereits vorhanden
[2023-06-26 23:53:29] [WARN] - Klassengruppe DRO16A bereits vorhanden
[2023-06-26 23:53:29] [WARN] - Klassengruppe KOE17B bereits vorhanden
[2023-06-26 23:53:29] [WARN] - Klassengruppe WTG16A bereits vorhanden
[2023-06-26 23:53:29] [WARN] - Klassengruppe AUF16B bereits vorhanden
[2023-06-26 23:53:29] [WARN] - Klassengruppe PKB16A bereits vorhanden
[2023-06-26 23:53:29] [WARN] - Klassengruppe BM2_TE18B bereits vorhanden
[2023-06-26 23:53:30] [WARN] - Klassengruppe INF15S bereits vorhanden
[2023-06-26 23:53:30] [WARN] - Klassengruppe KOE16C bereits vorhanden
[2023-06-26 23:53:30] [WARN] - Klassengruppe AUF16A bereits vorhanden
[2023-06-26 23:53:30] [WARN] - Klassengruppe MPR17A bereits vorhanden
[2023-06-26 23:53:30] [WARN] - Klassengruppe AUM16A bereits vorhanden
[2023-06-26 23:53:30] [WARN] - Klassengruppe INF15S bereits vorhanden
[2023-06-26 23:53:30] [WARN] - Klassengruppe PRM16A bereits vorhanden
[2023-06-26 23:53:30] [WARN] - Klassengruppe PMG15B bereits vorhanden
[2023-06-26 23:53:30] [WARN] - Klassengruppe AUF16B bereits vorhanden
[2023-06-26 23:53:30] [WARN] - Klassengruppe PRM16C bereits vorhanden
[2023-06-26 23:53:31] [WARN] - Klassengruppe WTG16A bereits vorhanden
[2023-06-26 23:53:31] [WARN] - Klassengruppe PRM16B bereits vorhanden
[2023-06-26 23:53:31] [WARN] - Klassengruppe PKE15A bereits vorhanden
[2023-06-26 23:53:31] [WARN] - Klassengruppe PRM16C bereits vorhanden
[2023-06-26 23:53:31] [WARN] - Klassengruppe REF17A bereits vorhanden
[2023-06-26 23:53:31] [WARN] - Klassengruppe DRO15A bereits vorhanden
[2023-06-26 23:53:31] [WARN] - Klassengruppe PKB16A bereits vorhanden
[2023-06-26 23:53:31] [WARN] - Klassengruppe AUM16A bereits vorhanden
[2023-06-26 23:53:32] [WARN] - Klassengruppe INF15S bereits vorhanden
[2023-06-26 23:53:32] [WARN] - Klassengruppe KOE16C bereits vorhanden
[2023-06-26 23:53:32] [WARN] - Klassengruppe PRM17B bereits vorhanden
[2023-06-26 23:53:32] [WARN] - Klassengruppe AUM16A bereits vorhanden
[2023-06-26 23:53:32] [WARN] - Klassengruppe PMG16B bereits vorhanden
[2023-06-26 23:53:32] [WARN] - Klassengruppe PME16A bereits vorhanden
[2023-06-26 23:53:32] [WARN] - Klassengruppe PRM16B bereits vorhanden
[2023-06-26 23:53:32] [WARN] - Klassengruppe REF16B bereits vorhanden
[2023-06-26 23:53:32] [WARN] - Klassengruppe PRM16C bereits vorhanden
[2023-06-26 23:53:32] [WARN] - Klassengruppe REF16B bereits vorhanden
[2023-06-26 23:53:32] [WARN] - Klassengruppe PRM16C bereits vorhanden
[2023-06-26 23:53:33] [WARN] - Klassengruppe PKE15A bereits vorhanden
[2023-06-26 23:53:33] [WARN] - Klassengruppe BM2_TE18A bereits vorhanden
[2023-06-26 23:53:33] [WARN] - Klassengruppe PRM16A bereits vorhanden
[2023-06-26 23:53:33] [WARN] - Klassengruppe ELT15A bereits vorhanden
[2023-06-26 23:53:33] [WARN] - Klassengruppe PMG15B bereits vorhanden
[2023-06-26 23:53:33] [WARN] - Klassengruppe INF15S bereits vorhanden
[2023-06-26 23:53:33] [WARN] - Klassengruppe PMG15A bereits vorhanden
[2023-06-26 23:53:33] [WARN] - Klassengruppe KOE16B bereits vorhanden
[2023-06-26 23:53:33] [WARN] - Klassengruppe PRM16B bereits vorhanden
[2023-06-26 23:53:33] [WARN] - Klassengruppe AUM16A bereits vorhanden
[2023-06-26 23:53:33] [WARN] - Klassengruppe INF15B bereits vorhanden
[2023-06-26 23:53:34] [WARN] - Klassengruppe PMG15B bereits vorhanden
[2023-06-26 23:53:34] [WARN] - Klassengruppe PMG16A bereits vorhanden
[2023-06-26 23:53:34] [WARN] - Klassengruppe PKB16A bereits vorhanden
[2023-06-26 23:53:34] [WARN] - Klassengruppe KOE16B bereits vorhanden
[2023-06-26 23:53:34] [WARN] - Klassengruppe AUM15A bereits vorhanden
[2023-06-26 23:53:34] [WARN] - Klassengruppe KOE16B bereits vorhanden
[2023-06-26 23:53:34] [WARN] - Klassengruppe PMG15B bereits vorhanden
[2023-06-26 23:53:34] [WARN] - Klassengruppe PKB15A bereits vorhanden
[2023-06-26 23:53:34] [WARN] - Klassengruppe PME16A bereits vorhanden
[2023-06-26 23:53:34] [WARN] - Klassengruppe PMG15A bereits vorhanden
[2023-06-26 23:53:35] [WARN] - Klassengruppe INF15B bereits vorhanden
[2023-06-26 23:53:35] [WARN] - Klassengruppe KOE16A bereits vorhanden
[2023-06-26 23:53:35] [WARN] - Klassengruppe Ex bereits vorhanden
[2023-06-26 23:53:35] [WARN] - Klassengruppe KOE16B bereits vorhanden
[2023-06-26 23:53:35] [WARN] - Klassengruppe AUM15A bereits vorhanden
[2023-06-26 23:53:35] [WARN] - Klassengruppe INF15B bereits vorhanden
[2023-06-26 23:53:35] [WARN] - Klassengruppe PKE15A bereits vorhanden
[2023-06-26 23:53:36] [WARN] - Klassengruppe INF16S bereits vorhanden
[2023-06-26 23:53:36] [WARN] - Klassengruppe KOE16C bereits vorhanden
[2023-06-26 23:53:36] [WARN] - Klassengruppe PRM16C bereits vorhanden
[2023-06-26 23:53:36] [WARN] - Klassengruppe PMG16B bereits vorhanden
[2023-06-26 23:53:36] [WARN] - Klassengruppe PRM16A bereits vorhanden
[2023-06-26 23:53:36] [WARN] - Klassengruppe DRO17A bereits vorhanden
[2023-06-26 23:53:36] [WARN] - Klassengruppe PRM16B bereits vorhanden
[2023-06-26 23:53:36] [WARN] - Klassengruppe INF16A bereits vorhanden
[2023-06-26 23:53:36] [WARN] - Klassengruppe BM2_TE18B bereits vorhanden
[2023-06-26 23:53:36] [WARN] - Klassengruppe PMG15B bereits vorhanden
[2023-06-26 23:53:36] [WARN] - Klassengruppe PMG16B bereits vorhanden
[2023-06-26 23:53:36] [WARN] - Klassengruppe PMG15B bereits vorhanden
[2023-06-26 23:53:36] [WARN] - Klassengruppe PMG15A bereits vorhanden
